# JRE version: Java(TM) SE Runtime Environment (11.0.2+9) (build 11.0.2+9-LTS)
# Java VM: Java HotSpot(TM) 64-Bit Server VM (11.0.2+9-LTS, mixed mode, tiered, compressed oops, g1 gc, windows-amd64)
Heap:
 garbage-first heap   total 189440K, used 22586K [0x0000000080a00000, 0x0000000100000000)
  region size 1024K, 6 young (6144K), 6 survivors (6144K)
 Metaspace       used 58736K, capacity 60021K, committed 60160K, reserved 1101824K
  class space    used 7382K, capacity 7914K, committed 7936K, reserved 1048576K
GC Heap History (10 events):
Event: 2.128 GC heap after
{Heap after GC invocations=5 (full 0):
 garbage-first heap   total 131072K, used 11125K [0x0000000080a00000, 0x0000000100000000)
  region size 1024K, 6 young (6144K), 6 survivors (6144K)
 Metaspace       used 30907K, capacity 31600K, committed 31872K, reserved 1077248K
  class space    used 3611K, capacity 3903K, committed 3968K, reserved 1048576K
}
Event: 2.765 GC heap before
{Heap before GC invocations=5 (full 0):
 garbage-first heap   total 131072K, used 81781K [0x0000000080a00000, 0x0000000100000000)
  region size 1024K, 76 young (77824K), 6 survivors (6144K)
 Metaspace       used 34426K, capacity 35348K, committed 35456K, reserved 1081344K
  class space    used 4037K, capacity 4398K, committed 4480K, reserved 1048576K
}
Event: 2.773 GC heap after
{Heap after GC invocations=6 (full 0):
 garbage-first heap   total 157696K, used 12895K [0x0000000080a00000, 0x0000000100000000)
  region size 1024K, 5 young (5120K), 5 survivors (5120K)
 Metaspace       used 34426K, capacity 35348K, committed 35456K, reserved 1081344K
  class space    used 4037K, capacity 4398K, committed 4480K, reserved 1048576K
}
Event: 2.849 GC heap before
{Heap before GC invocations=6 (full 0):
 garbage-first heap   total 157696K, used 15967K [0x0000000080a00000, 0x0000000100000000)
  region size 1024K, 9 young (9216K), 5 survivors (5120K)
 Metaspace       used 34894K, capacity 35748K, committed 35840K, reserved 1081344K
  class space    used 4100K, capacity 4445K, committed 4480K, reserved 1048576K
}
Event: 2.856 GC heap after
{Heap after GC invocations=7 (full 0):
 garbage-first heap   total 157696K, used 13126K [0x0000000080a00000, 0x0000000100000000)
  region size 1024K, 5 young (5120K), 5 survivors (5120K)
 Metaspace       used 34894K, capacity 35748K, committed 35840K, reserved 1081344K
  class space    used 4100K, capacity 4445K, committed 4480K, reserved 1048576K
}
Event: 4.744 GC heap before
{Heap before GC invocations=8 (full 0):
 garbage-first heap   total 157696K, used 95046K [0x0000000080a00000, 0x0000000100000000)
  region size 1024K, 85 young (87040K), 5 survivors (5120K)
 Metaspace       used 44749K, capacity 45930K, committed 46080K, reserved 1089536K
  class space    used 5528K, capacity 6017K, committed 6144K, reserved 1048576K
}
Event: 4.752 GC heap after
{Heap after GC invocations=9 (full 0):
 garbage-first heap   total 157696K, used 17245K [0x0000000080a00000, 0x0000000100000000)
  region size 1024K, 9 young (9216K), 9 survivors (9216K)
 Metaspace       used 44749K, capacity 45930K, committed 46080K, reserved 1089536K
  class space    used 5528K, capacity 6017K, committed 6144K, reserved 1048576K
}
Event: 6.325 GC heap before
{Heap before GC invocations=9 (full 0):
 garbage-first heap   total 157696K, used 101213K [0x0000000080a00000, 0x0000000100000000)
  region size 1024K, 91 young (93184K), 9 survivors (9216K)
 Metaspace       used 57498K, capacity 58837K, committed 59008K, reserved 1099776K
  class space    used 7213K, capacity 7754K, committed 7808K, reserved 1048576K
}
Event: 6.335 GC heap after
{Heap after GC invocations=10 (full 0):
 garbage-first heap   total 157696K, used 21775K [0x0000000080a00000, 0x0000000100000000)
  region size 1024K, 10 young (10240K), 10 survivors (10240K)
 Metaspace       used 57498K, capacity 58837K, committed 59008K, reserved 1099776K
  class space    used 7213K, capacity 7754K, committed 7808K, reserved 1048576K
}
Event: 6.490 GC heap before
{Heap before GC invocations=10 (full 0):
 garbage-first heap   total 157696K, used 34063K [0x0000000080a00000, 0x0000000100000000)
  region size 1024K, 23 young (23552K), 10 survivors (10240K)
 Metaspace       used 58736K, capacity 60021K, committed 60160K, reserved 1101824K
  class space    used 7382K, capacity 7914K, committed 7936K, reserved 1048576K
}

